<?xml version="1.0" encoding="UTF-8"?>
<testng-results skipped="0" failed="0" ignored="0" total="1" passed="1">
  <reporter-output>
  </reporter-output>
  <suite name="Default suite" duration-ms="21912" started-at="2019-07-06T10:13:53Z" finished-at="2019-07-06T10:14:15Z">
    <groups>
    </groups>
    <test name="Default test" duration-ms="21912" started-at="2019-07-06T10:13:53Z" finished-at="2019-07-06T10:14:15Z">
      <class name="com.training.sanity.tests.RTTC_035">
        <test-method status="PASS" signature="setUpBeforeClass()[pri:0, instance:com.training.sanity.tests.RTTC_035@53b32d7]" name="setUpBeforeClass" is-config="true" duration-ms="35" started-at="2019-07-06T10:13:53Z" finished-at="2019-07-06T10:13:53Z">
          <reporter-output>
          </reporter-output>
        </test-method> <!-- setUpBeforeClass -->
        <test-method status="PASS" signature="setUp()[pri:0, instance:com.training.sanity.tests.RTTC_035@53b32d7]" name="setUp" is-config="true" duration-ms="7905" started-at="2019-07-06T10:13:53Z" finished-at="2019-07-06T10:14:01Z">
          <reporter-output>
          </reporter-output>
        </test-method> <!-- setUp -->
        <test-method status="PASS" signature="validLoginTest()[pri:0, instance:com.training.sanity.tests.RTTC_035@53b32d7]" name="validLoginTest" duration-ms="12938" started-at="2019-07-06T10:14:01Z" finished-at="2019-07-06T10:14:14Z">
          <reporter-output>
          </reporter-output>
        </test-method> <!-- validLoginTest -->
        <test-method status="PASS" signature="tearDown()[pri:0, instance:com.training.sanity.tests.RTTC_035@53b32d7]" name="tearDown" is-config="true" duration-ms="1001" started-at="2019-07-06T10:14:14Z" finished-at="2019-07-06T10:14:15Z">
          <reporter-output>
          </reporter-output>
        </test-method> <!-- tearDown -->
      </class> <!-- com.training.sanity.tests.RTTC_035 -->
    </test> <!-- Default test -->
  </suite> <!-- Default suite -->
</testng-results>
