<?xml version="1.0" encoding="UTF-8"?>
<!-- Generated by org.testng.reporters.JUnitXMLReporter -->
<testsuite hostname="DESKTOP-8DUI1RP" ignored="0" name="Sample test" tests="1" failures="1" timestamp="05 Jul 2019 05:24:51 GMT" time="0.069" errors="0">
  <testcase name="paramtest" time="0.0" classname="com.training.sanity.tests.TestNg_param">
    <failure type="org.testng.TestNGException" message="
Cannot inject @Test annotated Method [paramtest] with [class java.lang.String].
For more information on native dependency injection please refer to http://testng.org/doc/documentation-main.html#native-dependency-injection">
      <![CDATA[org.testng.TestNGException: 
Cannot inject @Test annotated Method [paramtest] with [class java.lang.String].
For more information on native dependency injection please refer to http://testng.org/doc/documentation-main.html#native-dependency-injection
... Removed 24 stack frames]]>
    </failure>
  </testcase> <!-- paramtest -->
</testsuite> <!-- Sample test -->
